	// Assign STATIC_AREA_ADDRESS to register "r0"
 	 loadI 1024 	=> r0 
 	 loadI 0 	=> r1 
 	 add r0, r1 	=> r2 
 	 loadI 1 	=> r3 
 	 store r3 	=> r2 
 	 loadI 4 	=> r4 
 	 add r0, r4 	=> r5 
 	 loadI 0 	=> r6 
 	 store r6 	=> r5 
 	 loadAI r0, 0 	=> r7 
	// Code for "PRINT" from offset -4
 	 storeAI r7 	=> r0, -4 
 	 outputAI r0, -4
 	 loadAI r0, 4 	=> r8 
	// Code for "PRINT" from offset -4
 	 storeAI r8 	=> r0, -4 
 	 outputAI r0, -4
 	 loadI 8 	=> r9 
 	 add r0, r9 	=> r10 
 	 loadAI r0, 0 	=> r11 
 	 loadAI r0, 4 	=> r12 
 	 store r11 	=> r10 
 	 loadAI r0, 8 	=> r13 
	// Code for "PRINT" from offset -4
 	 storeAI r13 	=> r0, -4 
 	 outputAI r0, -4
 	 loadI 8 	=> r14 
 	 add r0, r14 	=> r15 
 	 loadAI r0, 0 	=> r16 
 	 loadAI r0, 4 	=> r17 
 	 store r16 	=> r15 
 	 loadAI r0, 8 	=> r18 
	// Code for "PRINT" from offset -4
 	 storeAI r18 	=> r0, -4 
 	 outputAI r0, -4
